2023-12-02 09:29:48,318 - ERROR - Division by zero: division by zero
2023-12-02 09:30:13,196 - ERROR - Division by zero: division by zero
2023-12-02 09:31:15,260 --- ERROR --- Division by zero: division by zero
2023-12-02 09:34:53,270 - ERROR - Division by zero: division by zero
2023-12-02 09:34:53,270 - ERROR - Division by zero: division by zero
2023-12-02 09:38:37,121 - ERROR - Division by zero: division by zero
02.12.2023 / 09:40:27 - ERROR - Division by zero: division by zero
02.12.2023 / 09:53:09 - ERROR - Ошибка вставки данных: no such table: users
02.12.2023 / 09:53:09 - ERROR - Ошибка обновления данных: no such table: users
06.12.2023 / 06:05:37 - ERROR - Division by zero: division by zero
06.12.2023 / 06:18:48 - INFO - [31m[1mWARNING: This is a development server. Do not use it in a production deployment. Use a production WSGI server instead.[0m
 * Running on http://127.0.0.1:5000
06.12.2023 / 06:18:48 - INFO - [33mPress CTRL+C to quit[0m
06.12.2023 / 06:18:48 - INFO -  * Restarting with stat
06.12.2023 / 06:18:49 - WARNING -  * Debugger is active!
06.12.2023 / 06:18:49 - INFO -  * Debugger PIN: 142-975-801
06.12.2023 / 06:19:05 - INFO - 127.0.0.1 - - [06/Dec/2023 06:19:05] "POST /api/registration HTTP/1.1" 200 -
06.12.2023 / 06:21:46 - INFO -  * Detected change in 'C:\\Project\\FlopyB\\ff.py', reloading
06.12.2023 / 06:21:46 - INFO -  * Restarting with stat
06.12.2023 / 06:21:47 - WARNING -  * Debugger is active!
06.12.2023 / 06:21:47 - INFO -  * Debugger PIN: 142-975-801
06.12.2023 / 06:25:07 - INFO -  * Detected change in 'C:\\Project\\FlopyB\\Back.py', reloading
06.12.2023 / 06:25:07 - INFO -  * Restarting with stat
06.12.2023 / 07:13:55 - INFO - [31m[1mWARNING: This is a development server. Do not use it in a production deployment. Use a production WSGI server instead.[0m
 * Running on http://127.0.0.1:5000
06.12.2023 / 07:13:55 - INFO - [33mPress CTRL+C to quit[0m
06.12.2023 / 07:13:55 - INFO -  * Restarting with stat
06.12.2023 / 07:13:55 - WARNING -  * Debugger is active!
06.12.2023 / 07:13:55 - INFO -  * Debugger PIN: 142-975-801
06.12.2023 / 07:14:05 - INFO - 127.0.0.1 - - [06/Dec/2023 07:14:05] "POST /api/registration HTTP/1.1" 200 -
06.12.2023 / 07:14:27 - INFO -  * Detected change in 'C:\\Project\\FlopyB\\ff.py', reloading
06.12.2023 / 07:14:27 - INFO -  * Restarting with stat
06.12.2023 / 07:14:27 - WARNING -  * Debugger is active!
06.12.2023 / 07:14:27 - INFO -  * Debugger PIN: 142-975-801
06.12.2023 / 07:14:27 - INFO - 127.0.0.1 - - [06/Dec/2023 07:14:27] "POST /api/registration HTTP/1.1" 200 -
06.12.2023 / 07:14:47 - INFO - 127.0.0.1 - - [06/Dec/2023 07:14:47] "POST /api/registration HTTP/1.1" 200 -
06.12.2023 / 07:14:48 - INFO -  * Detected change in 'C:\\Project\\FlopyB\\ff.py', reloading
06.12.2023 / 07:14:48 - INFO -  * Restarting with stat
06.12.2023 / 07:14:48 - WARNING -  * Debugger is active!
06.12.2023 / 07:14:48 - INFO -  * Debugger PIN: 142-975-801
06.12.2023 / 07:14:58 - INFO -  * Detected change in 'C:\\Project\\FlopyB\\ff.py', reloading
06.12.2023 / 07:14:58 - INFO -  * Restarting with stat
06.12.2023 / 07:14:59 - WARNING -  * Debugger is active!
06.12.2023 / 07:14:59 - INFO -  * Debugger PIN: 142-975-801
06.12.2023 / 07:14:59 - INFO - 127.0.0.1 - - [06/Dec/2023 07:14:59] "POST /api/registration HTTP/1.1" 200 -
06.12.2023 / 07:17:27 - INFO -  * Detected change in 'C:\\Project\\FlopyB\\Back.py', reloading
06.12.2023 / 07:17:27 - INFO -  * Restarting with stat
06.12.2023 / 07:17:27 - WARNING -  * Debugger is active!
06.12.2023 / 07:17:27 - INFO -  * Debugger PIN: 142-975-801
06.12.2023 / 07:17:31 - INFO - [31m[1mWARNING: This is a development server. Do not use it in a production deployment. Use a production WSGI server instead.[0m
 * Running on http://127.0.0.1:5000
06.12.2023 / 07:17:31 - INFO - [33mPress CTRL+C to quit[0m
06.12.2023 / 07:17:31 - INFO -  * Restarting with stat
06.12.2023 / 07:17:31 - WARNING -  * Debugger is active!
06.12.2023 / 07:17:31 - INFO -  * Debugger PIN: 142-975-801
06.12.2023 / 07:17:38 - INFO - 127.0.0.1 - - [06/Dec/2023 07:17:38] "POST /api/registration HTTP/1.1" 200 -
06.12.2023 / 07:17:44 - INFO - 127.0.0.1 - - [06/Dec/2023 07:17:44] "POST /api/registration HTTP/1.1" 200 -
06.12.2023 / 07:17:45 - INFO -  * Detected change in 'C:\\Project\\FlopyB\\ff.py', reloading
06.12.2023 / 07:17:45 - INFO -  * Restarting with stat
06.12.2023 / 07:17:45 - WARNING -  * Debugger is active!
06.12.2023 / 07:17:45 - INFO -  * Debugger PIN: 142-975-801
06.12.2023 / 07:17:53 - INFO - 127.0.0.1 - - [06/Dec/2023 07:17:53] "POST /api/registration HTTP/1.1" 200 -
06.12.2023 / 07:17:53 - INFO -  * Detected change in 'C:\\Project\\FlopyB\\ff.py', reloading
06.12.2023 / 07:17:53 - INFO -  * Restarting with stat
06.12.2023 / 07:17:54 - WARNING -  * Debugger is active!
06.12.2023 / 07:17:54 - INFO -  * Debugger PIN: 142-975-801
06.12.2023 / 07:17:58 - INFO -  * Detected change in 'C:\\Project\\FlopyB\\ff.py', reloading
06.12.2023 / 07:17:58 - INFO -  * Restarting with stat
06.12.2023 / 07:17:58 - WARNING -  * Debugger is active!
06.12.2023 / 07:17:59 - INFO -  * Debugger PIN: 142-975-801
06.12.2023 / 07:17:59 - INFO - 127.0.0.1 - - [06/Dec/2023 07:17:59] "POST /api/registration HTTP/1.1" 200 -
06.12.2023 / 07:19:36 - INFO -  * Detected change in 'C:\\Project\\FlopyB\\ff.py', reloading
06.12.2023 / 07:19:37 - INFO -  * Restarting with stat
06.12.2023 / 07:19:37 - WARNING -  * Debugger is active!
06.12.2023 / 07:19:37 - INFO -  * Debugger PIN: 142-975-801
06.12.2023 / 07:58:27 - INFO -  * Detected change in 'C:\\Project\\FlopyB\\Back.py', reloading
06.12.2023 / 07:58:28 - INFO -  * Restarting with stat
06.12.2023 / 07:58:28 - WARNING -  * Debugger is active!
06.12.2023 / 07:58:28 - INFO -  * Debugger PIN: 142-975-801
